((cat && grep) || (ls | grep))
LEFT_PAREN 
LEFT_PAREN 
LITERAL cat
WHITESPACE 
AND 
WHITESPACE 
LITERAL grep
RIGHT_PAREN 
WHITESPACE 
OR 
WHITESPACE 
LEFT_PAREN 
LITERAL ls
WHITESPACE 
PIPE 
WHITESPACE 
LITERAL grep
RIGHT_PAREN 
RIGHT_PAREN

LEFT 0x3191e1e0->0x3193c020
LEFT 0x3193bfc0->0x3193c2c0
LEFT 0x3193c050->0x3193e400
LEFT 0x3193c2f0->0x3193bff0
LEFT 0x3193e490->0x3193e520
RIGHT 0x3191e1e0<-0x3193c020
RIGHT 0x3193bfc0<-0x3193c2c0
RIGHT 0x3193c050<-0x3193e400
RIGHT 0x3193c2f0<-0x3193bff0
RIGHT 0x3193e490<-0x3193e520